!SESSION 2022-11-16 08:35:36.654 -----------------------------------------------
eclipse.buildId=unknown
java.version=11.0.13
java.vendor=Google Inc.
BootLoader constants: OS=linux, ARCH=x86_64, WS=gtk, NL=en_US
Framework arguments:  -application org.eclipse.mat.api.parse
Command-line arguments:  -os linux -ws gtk -arch x86_64 -consolelog -application org.eclipse.mat.api.parse

!ENTRY org.eclipse.osgi 4 0 2022-11-16 08:35:39.572
!MESSAGE Application error
!STACK 1
java.lang.IllegalArgumentException: Usage: [options] <snapshot> [(<report id>)*]
	at org.eclipse.mat.internal.apps.ParseSnapshotApp.start(ParseSnapshotApp.java:56)
	at org.eclipse.equinox.internal.app.EclipseAppHandle.run(EclipseAppHandle.java:203)
	at org.eclipse.core.runtime.internal.adaptor.EclipseAppLauncher.runApplication(EclipseAppLauncher.java:136)
	at org.eclipse.core.runtime.internal.adaptor.EclipseAppLauncher.start(EclipseAppLauncher.java:104)
	at org.eclipse.core.runtime.adaptor.EclipseStarter.run(EclipseStarter.java:401)
	at org.eclipse.core.runtime.adaptor.EclipseStarter.run(EclipseStarter.java:255)
	at java.base/jdk.internal.reflect.NativeMethodAccessorImpl.invoke0(Native Method)
	at java.base/jdk.internal.reflect.NativeMethodAccessorImpl.invoke(NativeMethodAccessorImpl.java:62)
	at java.base/jdk.internal.reflect.DelegatingMethodAccessorImpl.invoke(DelegatingMethodAccessorImpl.java:43)
	at java.base/java.lang.reflect.Method.invoke(Method.java:566)
	at org.eclipse.equinox.launcher.Main.invokeFramework(Main.java:659)
	at org.eclipse.equinox.launcher.Main.basicRun(Main.java:596)
	at org.eclipse.equinox.launcher.Main.run(Main.java:1467)
	at org.eclipse.equinox.launcher.Main.main(Main.java:1440)
